Line 39: Class MSAdodcLib.Adodc of control qPendentes2 was not a loaded control class.
Line 86: Class MSAdodcLib.Adodc of control dbContas was not a loaded control class.
Line 133: Class MSAdodcLib.Adodc of control dbCarros was not a loaded control class.
Line 180: Class MSAdodcLib.Adodc of control dbCobranca was not a loaded control class.
Line 227: Class MSComCtl2.DTPicker of control txtDataLista was not a loaded control class.
Line 246: Class MSCommLib.MSComm of control MSComm1 was not a loaded control class.
Line 290: Class TabDlg.SSTab of control SSTab1 was not a loaded control class.
Line 402: Class MSDataGridLib.DataGrid of control DataGrid5 was not a loaded control class.
Line 520: Class MSDataGridLib.DataGrid of control DataGrid4 was not a loaded control class.
Line 588: Class MSDataGridLib.DataGrid of control DataGrid3 was not a loaded control class.
Line 690: Class MSAdodcLib.Adodc of control dbCheques2 was not a loaded control class.
Line 798: Class MSMask.MaskEdBox of control txtConta was not a loaded control class.
Line 840: Class MSMask.MaskEdBox of control txtPlaca was not a loaded control class.
Line 878: Class MSMask.MaskEdBox of control MaskEdBox1 was not a loaded control class.
Line 1200: Class MSMask.MaskEdBox of control MaskEdBox2 was not a loaded control class.
Line 1418: Class MSDataGridLib.DataGrid of control DataGrid1 was not a loaded control class.
Line 1995: Class MSAdodcLib.Adodc of control Adodc1 was not a loaded control class.
Line 2042: Class MSComCtl2.DTPicker of control txtDatalistaIni was not a loaded control class.
Line 2054: Class MSAdodcLib.Adodc of control qPendentes was not a loaded control class.
Line 2101: Class MSAdodcLib.Adodc of control dbCheques was not a loaded control class.
Line 2148: Class MSDataGridLib.DataGrid of control DataGrid2 was not a loaded control class.
