Line 62: Class MSAdodcLib.Adodc of control dbClientesProdutos was not a loaded control class.
Line 109: Class MSAdodcLib.Adodc of control dbCobranca2 was not a loaded control class.
Line 156: Class MSAdodcLib.Adodc of control qCobranca2 was not a loaded control class.
Line 203: Class MSAdodcLib.Adodc of control Adodc2 was not a loaded control class.
Line 250: Class MSAdodcLib.Adodc of control dbCobranca was not a loaded control class.
Line 297: Class MSAdodcLib.Adodc of control dbNotasPendentes was not a loaded control class.
Line 344: Class MSAdodcLib.Adodc of control dbUltimoAbastecimento was not a loaded control class.
Line 391: Class MSAdodcLib.Adodc of control dbProdutos was not a loaded control class.
Line 438: Class MSAdodcLib.Adodc of control dbTurnos was not a loaded control class.
Line 485: Class MSAdodcLib.Adodc of control dbClientesTipo was not a loaded control class.
Line 532: Class MSAdodcLib.Adodc of control dbMunicipios was not a loaded control class.
Line 579: Class MSAdodcLib.Adodc of control dbClientesPlanos was not a loaded control class.
Line 627: Class TabDlg.SSTab of control SSTab1 was not a loaded control class.
Line 759: Class MSDataGridLib.DataGrid of control DataGrid3 was not a loaded control class.
Line 970: Class MSDataGridLib.DataGrid of control DataGrid2 was not a loaded control class.
Line 1159: Class MSDataGridLib.DataGrid of control DataGrid1 was not a loaded control class.
Line 1342: Class MSComCtl2.DTPicker of control txtDataValidade was not a loaded control class.
Line 1354: Class MSMask.MaskEdBox of control mskPreco was not a loaded control class.
Line 1381: Class MSComCtl2.DTPicker of control txtDataIni was not a loaded control class.
Line 1596: Class MSMask.MaskEdBox of control MaskEdBox2 was not a loaded control class.
Line 1663: Class MSMask.MaskEdBox of control MaskEdBox1 was not a loaded control class.
Line 2197: Class MSComCtl2.DTPicker of control txtDataFim was not a loaded control class.
Line 2209: Class MSMask.MaskEdBox of control mskValorSomar was not a loaded control class.
Line 2220: Class MSMask.MaskEdBox of control mskPorcento was not a loaded control class.
Line 2231: Class MSDataGridLib.DataGrid of control DataGrid4 was not a loaded control class.
Line 2543: Class MSAdodcLib.Adodc of control Adodc1 was not a loaded control class.
