Line 716: Class MSCommLib.MSComm of control MSComm1 was not a loaded control class.
Line 938: Class TabDlg.SSTab of control SSTab1 was not a loaded control class.
Line 1035: Class MSDBGrid.DBGrid of control DBGrid10 was not a loaded control class.
Line 1149: Class MSDBCtls.DBCombo of control cboMicrocredito was not a loaded control class.
Line 1162: Class MSDBCtls.DBCombo of control cboPlacaMicrocredito was not a loaded control class.
Line 1175: Class MSDBCtls.DBCombo of control cboProdutoMicrocredito was not a loaded control class.
Line 1189: Class MSDBCtls.DBCombo of control cboBicoMicrocredito was not a loaded control class.
Line 1435: Class MSDBCtls.DBCombo of control cboFuncionario was not a loaded control class.
Line 1503: Class MSComCtl2.DTPicker of control txtBomPara was not a loaded control class.
Line 1531: Class MSMask.MaskEdBox of control MaskEdBox1 was not a loaded control class.
Line 1546: Class MSMask.MaskEdBox of control MaskEdBox1 was not a loaded control class.
Line 1561: Class MSMask.MaskEdBox of control MaskEdBox1 was not a loaded control class.
Line 1576: Class MSMask.MaskEdBox of control MaskEdBox1 was not a loaded control class.
Line 1591: Class MSMask.MaskEdBox of control MaskEdBox1 was not a loaded control class.
Line 1606: Class MSDBCtls.DBCombo of control cboClienteCheque was not a loaded control class.
Line 1811: Class MSDBGrid.DBGrid of control DBGrid2 was not a loaded control class.
Line 1820: Class MSDBGrid.DBGrid of control DBGrid3 was not a loaded control class.
Line 1829: Class MSDBGrid.DBGrid of control DBGrid4 was not a loaded control class.
Line 1838: Class MSDBGrid.DBGrid of control DBGrid5 was not a loaded control class.
Line 1922: Class MSDBCtls.DBCombo of control cboRecebimento was not a loaded control class.
Line 1935: Class MSComCtl2.DTPicker of control txtDataBordero was not a loaded control class.
Line 2073: Class MSDBCtls.DBCombo of control cboSubGrupo was not a loaded control class.
Line 2119: Class MSDBCtls.DBCombo of control cboDespesa was not a loaded control class.
Line 2132: Class MSComCtl2.DTPicker of control txtDataIni was not a loaded control class.
Line 2145: Class MSComCtl2.DTPicker of control txtDataFim was not a loaded control class.
Line 2158: Class MSComCtl2.DTPicker of control txtMesAno was not a loaded control class.
Line 2312: Class MSDBCtls.DBCombo of control cboProdutoEntra was not a loaded control class.
Line 2380: Class MSDBGrid.DBGrid of control DBGrid6 was not a loaded control class.
Line 2389: Class MSDBGrid.DBGrid of control DBGrid7 was not a loaded control class.
Line 2398: Class MSDBGrid.DBGrid of control DBGrid8 was not a loaded control class.
Line 2407: Class MSDBGrid.DBGrid of control DBGrid9 was not a loaded control class.
Line 2521: Class MSDBCtls.DBCombo of control cboClientesNota was not a loaded control class.
Line 2534: Class MSDBCtls.DBCombo of control cboPlaca was not a loaded control class.
Line 2547: Class MSDBCtls.DBCombo of control cboProduto was not a loaded control class.
Line 2561: Class MSDBCtls.DBCombo of control cboBico was not a loaded control class.
Line 2886: Class MSDBGrid.DBGrid of control DBGrid1 was not a loaded control class.
