Line 13: Class MSAdodcLib.Adodc of control dbProdutos was not a loaded control class.
Line 18: The property name _ExtentX in dbProdutos is invalid.
Line 19: The property name _ExtentY in dbProdutos is invalid.
Line 20: The property name ConnectMode in dbProdutos is invalid.
Line 21: The property name CursorLocation in dbProdutos is invalid.
Line 22: The property name IsolationLevel in dbProdutos is invalid.
Line 23: The property name ConnectionTimeout in dbProdutos is invalid.
Line 24: The property name CommandTimeout in dbProdutos is invalid.
Line 25: The property name CursorType in dbProdutos is invalid.
Line 26: The property name LockType in dbProdutos is invalid.
Line 27: The property name CommandType in dbProdutos is invalid.
Line 28: The property name CursorOptions in dbProdutos is invalid.
Line 29: The property name CacheSize in dbProdutos is invalid.
Line 30: The property name MaxRecords in dbProdutos is invalid.
Line 31: The property name BOFAction in dbProdutos is invalid.
Line 32: The property name EOFAction in dbProdutos is invalid.
Line 33: The property name ConnectStringType in dbProdutos is invalid.
Line 37: The property name Orientation in dbProdutos is invalid.
Line 39: The property name Connect in dbProdutos is invalid.
Line 40: The property name OLEDBString in dbProdutos is invalid.
Line 41: The property name OLEDBFile in dbProdutos is invalid.
Line 42: The property name DataSourceName in dbProdutos is invalid.
Line 43: The property name OtherAttributes in dbProdutos is invalid.
Line 44: The property name UserName in dbProdutos is invalid.
Line 45: The property name Password in dbProdutos is invalid.
Line 46: The property name RecordSource in dbProdutos is invalid.
Line 47: The property name Caption in dbProdutos is invalid.
Line 57: The property name _Version in dbProdutos is invalid.
